<?xml version="1.0" encoding="UTF-8"?>
<!-- Generated by org.testng.reporters.JUnitXMLReporter -->
<testsuite hostname="AishwaryaVivek" name="Login test" tests="2" failures="0" timestamp="31 Dec 2014 14:05:28 GMT" time="0.031" errors="0">
  <testcase name="loginTest" time="0.008" classname="com.selenium.testcases.LoginTest">
    <skipped/>
  </testcase> <!-- loginTest -->
  <testcase name="findFriend" time="0.002" classname="com.selenium.testcases.LoginTest">
    <skipped/>
  </testcase> <!-- findFriend -->
</testsuite> <!-- Login test -->
