<?xml version="1.0" encoding="UTF-8"?>
<!-- Generated by org.testng.reporters.JUnitXMLReporter -->
<testsuite hostname="AishwaryaVivek" name="UploadPic test" tests="1" failures="0" timestamp="31 Dec 2014 14:05:29 GMT" time="0.007" errors="0">
  <testcase name="@BeforeSuite init" time="0.0" classname="com.selenium.testcases.LoginTest">
    <failure type="java.lang.NullPointerException">
      <![CDATA[java.lang.NullPointerException
	at com.selenium.testcases.TestBase.initDriver(TestBase.java:48)
	at com.selenium.testcases.LoginTest.init(LoginTest.java:28)
... Removed 18 stack frames]]>
    </failure>
  </testcase> <!-- @BeforeSuite init -->
  <testcase name="uploadPic" time="0.001" classname="com.selenium.testcases.UploadPic">
    <skipped/>
  </testcase> <!-- uploadPic -->
</testsuite> <!-- UploadPic test -->
