<?xml version="1.0" encoding="UTF-8"?>
<testng-results skipped="4" failed="0" total="4" passed="0">
  <reporter-output>
  </reporter-output>
  <suite name="Default suite" duration-ms="93" started-at="2015-01-07T13:34:42Z" finished-at="2015-01-07T13:34:43Z">
    <groups>
    </groups>
    <test name="Default test" duration-ms="93" started-at="2015-01-07T13:34:42Z" finished-at="2015-01-07T13:34:43Z">
      <class name="com.selenium.testcases.UploadPic">
        <test-method status="SKIP" signature="uploadPic()[pri:0, instance:com.selenium.testcases.UploadPic@4a94ee4]" name="uploadPic" duration-ms="1" started-at="2015-01-07T07:34:43Z" finished-at="2015-01-07T07:34:43Z">
          <reporter-output>
          </reporter-output>
        </test-method> <!-- uploadPic -->
      </class> <!-- com.selenium.testcases.UploadPic -->
      <class name="com.selenium.testcases.LoginTest">
        <test-method status="FAIL" signature="init()[pri:0, instance:com.selenium.testcases.LoginTest@5ffead27]" name="init" is-config="true" duration-ms="0" started-at="2015-01-07T07:34:42Z" finished-at="2015-01-07T07:34:42Z">
          <exception class="java.lang.NullPointerException">
            <full-stacktrace>
              <![CDATA[java.lang.NullPointerException
	at com.selenium.testcases.TestBase.initDriver(TestBase.java:48)
	at com.selenium.testcases.LoginTest.init(LoginTest.java:28)
	at sun.reflect.NativeMethodAccessorImpl.invoke0(Native Method)
	at sun.reflect.NativeMethodAccessorImpl.invoke(Unknown Source)
	at sun.reflect.DelegatingMethodAccessorImpl.invoke(Unknown Source)
	at java.lang.reflect.Method.invoke(Unknown Source)
	at org.testng.internal.MethodInvocationHelper.invokeMethod(MethodInvocationHelper.java:84)
	at org.testng.internal.Invoker.invokeConfigurationMethod(Invoker.java:564)
	at org.testng.internal.Invoker.invokeConfigurations(Invoker.java:213)
	at org.testng.internal.Invoker.invokeConfigurations(Invoker.java:138)
	at org.testng.SuiteRunner.privateRun(SuiteRunner.java:277)
	at org.testng.SuiteRunner.run(SuiteRunner.java:240)
	at org.testng.SuiteRunnerWorker.runSuite(SuiteRunnerWorker.java:52)
	at org.testng.SuiteRunnerWorker.run(SuiteRunnerWorker.java:86)
	at org.testng.TestNG.runSuitesSequentially(TestNG.java:1224)
	at org.testng.TestNG.runSuitesLocally(TestNG.java:1149)
	at org.testng.TestNG.run(TestNG.java:1057)
	at org.testng.remote.RemoteTestNG.run(RemoteTestNG.java:111)
	at org.testng.remote.RemoteTestNG.initAndRun(RemoteTestNG.java:204)
	at org.testng.remote.RemoteTestNG.main(RemoteTestNG.java:175)
]]>
            </full-stacktrace>
          </exception> <!-- java.lang.NullPointerException -->
          <reporter-output>
          </reporter-output>
        </test-method> <!-- init -->
        <test-method status="SKIP" signature="loginTest(java.util.Hashtable)[pri:0, instance:com.selenium.testcases.LoginTest@5ffead27]" name="loginTest" duration-ms="0" started-at="2015-01-07T07:34:43Z" data-provider="getLoginData" finished-at="2015-01-07T07:34:43Z">
          <params>
            <param index="0">
              <value>
                <![CDATA[{Username=vivek7124@gmail.com, Data_Flag=Y, Password=1983130532blue, Runmode=Y}]]>
              </value>
            </param>
          </params>
          <reporter-output>
          </reporter-output>
        </test-method> <!-- loginTest -->
        <test-method status="SKIP" signature="loginTest(java.util.Hashtable)[pri:0, instance:com.selenium.testcases.LoginTest@5ffead27]" name="loginTest" duration-ms="0" started-at="2015-01-07T07:34:43Z" data-provider="getLoginData" finished-at="2015-01-07T07:34:43Z">
          <params>
            <param index="0">
              <value>
                <![CDATA[{Username=aishu2211@gmail.com, Data_Flag=N, Password=test123, Runmode=Y}]]>
              </value>
            </param>
          </params>
          <reporter-output>
          </reporter-output>
        </test-method> <!-- loginTest -->
        <test-method status="SKIP" signature="findFriend()[pri:0, instance:com.selenium.testcases.LoginTest@5ffead27]" name="findFriend" duration-ms="1" started-at="2015-01-07T07:34:43Z" depends-on-methods="com.selenium.testcases.LoginTest.loginTest" finished-at="2015-01-07T07:34:43Z">
          <reporter-output>
          </reporter-output>
        </test-method> <!-- findFriend -->
      </class> <!-- com.selenium.testcases.LoginTest -->
    </test> <!-- Default test -->
  </suite> <!-- Default suite -->
</testng-results>
